{"/Users/omersharivker/dev/assignments/assignment_1/src/app.ts": {"path":"/Users/omersharivker/dev/assignments/assignment_1/src/app.ts","statementMap":{"0":{"start":{"line":1,"column":0},"end":{"line":1,"column":30}},"1":{"start":{"line":2,"column":0},"end":{"line":2,"column":39}},"2":{"start":{"line":3,"column":0},"end":{"line":3,"column":37}},"3":{"start":{"line":4,"column":0},"end":{"line":4,"column":45}},"4":{"start":{"line":5,"column":0},"end":{"line":5,"column":51}},"5":{"start":{"line":6,"column":0},"end":{"line":6,"column":45}},"6":{"start":{"line":7,"column":0},"end":{"line":7,"column":43}},"7":{"start":{"line":8,"column":0},"end":{"line":8,"column":42}},"8":{"start":{"line":9,"column":0},"end":{"line":9,"column":24}},"9":{"start":{"line":10,"column":0},"end":{"line":10,"column":27}},"10":{"start":{"line":12,"column":12},"end":{"line":12,"column":21}},"11":{"start":{"line":13,"column":0},"end":{"line":13,"column":34}},"12":{"start":{"line":15,"column":0},"end":{"line":15,"column":16}},"13":{"start":{"line":16,"column":11},"end":{"line":16,"column":17}},"14":{"start":{"line":18,"column":0},"end":{"line":18,"column":27}},"15":{"start":{"line":19,"column":0},"end":{"line":19,"column":51}},"16":{"start":{"line":22,"column":0},"end":{"line":22,"column":34}},"17":{"start":{"line":23,"column":0},"end":{"line":23,"column":47}},"18":{"start":{"line":25,"column":0},"end":{"line":27,"column":3}},"19":{"start":{"line":26,"column":4},"end":{"line":26,"column":22}},"20":{"start":{"line":29,"column":0},"end":{"line":29,"column":12}},"21":{"start":{"line":31,"column":0},"end":{"line":31,"column":68}},"22":{"start":{"line":32,"column":0},"end":{"line":32,"column":28}},"23":{"start":{"line":33,"column":0},"end":{"line":33,"column":31}},"24":{"start":{"line":34,"column":0},"end":{"line":34,"column":28}},"25":{"start":{"line":36,"column":0},"end":{"line":36,"column":19}}},"fnMap":{"0":{"name":"(anonymous_1)","decl":{"start":{"line":25,"column":13},"end":{"line":25,"column":14}},"loc":{"start":{"line":25,"column":26},"end":{"line":27,"column":1}}}},"branchMap":{},"s":{"0":3,"1":3,"2":3,"3":3,"4":3,"5":3,"6":3,"7":3,"8":3,"9":3,"10":3,"11":3,"12":3,"13":3,"14":3,"15":3,"16":3,"17":3,"18":3,"19":0,"20":3,"21":3,"22":3,"23":3,"24":3,"25":3},"f":{"0":0},"b":{}}
,"/Users/omersharivker/dev/assignments/assignment_1/src/swaggerConfig.ts": {"path":"/Users/omersharivker/dev/assignments/assignment_1/src/swaggerConfig.ts","statementMap":{"0":{"start":{"line":1,"column":0},"end":{"line":1,"column":41}},"1":{"start":{"line":3,"column":23},"end":{"line":124,"column":2}},"2":{"start":{"line":126,"column":20},"end":{"line":126,"column":48}},"3":{"start":{"line":128,"column":0},"end":{"line":128,"column":27}}},"fnMap":{},"branchMap":{},"s":{"0":3,"1":3,"2":3,"3":3},"f":{},"b":{}}
,"/Users/omersharivker/dev/assignments/assignment_1/src/controllers/authControllers.ts": {"path":"/Users/omersharivker/dev/assignments/assignment_1/src/controllers/authControllers.ts","statementMap":{"0":{"start":{"line":2,"column":0},"end":{"line":2,"column":33}},"1":{"start":{"line":3,"column":0},"end":{"line":3,"column":50}},"2":{"start":{"line":4,"column":0},"end":{"line":4,"column":39}},"3":{"start":{"line":5,"column":0},"end":{"line":5,"column":28}},"4":{"start":{"line":6,"column":0},"end":{"line":6,"column":45}},"5":{"start":{"line":7,"column":0},"end":{"line":7,"column":44}},"6":{"start":{"line":11,"column":0},"end":{"line":37,"column":null}},"7":{"start":{"line":11,"column":61},"end":{"line":37,"column":null}},"8":{"start":{"line":12,"column":28},"end":{"line":12,"column":36}},"9":{"start":{"line":14,"column":4},"end":{"line":16,"column":5}},"10":{"start":{"line":15,"column":6},"end":{"line":15,"column":null}},"11":{"start":{"line":17,"column":2},"end":{"line":36,"column":3}},"12":{"start":{"line":18,"column":19},"end":{"line":18,"column":46}},"13":{"start":{"line":19,"column":6},"end":{"line":22,"column":7}},"14":{"start":{"line":20,"column":12},"end":{"line":20,"column":null}},"15":{"start":{"line":21,"column":12},"end":{"line":21,"column":19}},"16":{"start":{"line":23,"column":22},"end":{"line":23,"column":66}},"17":{"start":{"line":24,"column":6},"end":{"line":27,"column":7}},"18":{"start":{"line":25,"column":12},"end":{"line":25,"column":null}},"19":{"start":{"line":26,"column":12},"end":{"line":26,"column":19}},"20":{"start":{"line":28,"column":27},"end":{"line":28,"column":67}},"21":{"start":{"line":29,"column":27},"end":{"line":29,"column":68}},"22":{"start":{"line":30,"column":6},"end":{"line":30,"column":117}},"23":{"start":{"line":31,"column":6},"end":{"line":31,"column":24}},"24":{"start":{"line":32,"column":6},"end":{"line":32,"column":null}},"25":{"start":{"line":35,"column":6},"end":{"line":35,"column":null}},"26":{"start":{"line":39,"column":3},"end":{"line":63,"column":null}},"27":{"start":{"line":39,"column":67},"end":{"line":63,"column":null}},"28":{"start":{"line":40,"column":42},"end":{"line":40,"column":50}},"29":{"start":{"line":41,"column":6},"end":{"line":44,"column":7}},"30":{"start":{"line":42,"column":8},"end":{"line":42,"column":75}},"31":{"start":{"line":43,"column":8},"end":{"line":43,"column":15}},"32":{"start":{"line":45,"column":6},"end":{"line":62,"column":7}},"33":{"start":{"line":46,"column":28},"end":{"line":46,"column":55}},"34":{"start":{"line":47,"column":9},"end":{"line":50,"column":10}},"35":{"start":{"line":48,"column":12},"end":{"line":48,"column":68}},"36":{"start":{"line":49,"column":12},"end":{"line":49,"column":19}},"37":{"start":{"line":51,"column":22},"end":{"line":51,"column":46}},"38":{"start":{"line":52,"column":30},"end":{"line":52,"column":62}},"39":{"start":{"line":53,"column":22},"end":{"line":57,"column":11}},"40":{"start":{"line":58,"column":9},"end":{"line":58,"column":39}},"41":{"start":{"line":59,"column":9},"end":{"line":59,"column":16}},"42":{"start":{"line":61,"column":9},"end":{"line":61,"column":40}},"43":{"start":{"line":66,"column":0},"end":{"line":83,"column":null}},"44":{"start":{"line":66,"column":68},"end":{"line":83,"column":null}},"45":{"start":{"line":67,"column":29},"end":{"line":67,"column":38}},"46":{"start":{"line":68,"column":4},"end":{"line":71,"column":5}},"47":{"start":{"line":69,"column":8},"end":{"line":69,"column":73}},"48":{"start":{"line":70,"column":8},"end":{"line":70,"column":15}},"49":{"start":{"line":72,"column":4},"end":{"line":82,"column":5}},"50":{"start":{"line":73,"column":21},"end":{"line":73,"column":72}},"51":{"start":{"line":74,"column":8},"end":{"line":77,"column":9}},"52":{"start":{"line":75,"column":12},"end":{"line":75,"column":73}},"53":{"start":{"line":76,"column":12},"end":{"line":76,"column":19}},"54":{"start":{"line":78,"column":31},"end":{"line":78,"column":72}},"55":{"start":{"line":79,"column":8},"end":{"line":79,"column":60}},"56":{"start":{"line":81,"column":8},"end":{"line":81,"column":69}},"57":{"start":{"line":85,"column":4},"end":{"line":103,"column":null}},"58":{"start":{"line":85,"column":66},"end":{"line":103,"column":null}},"59":{"start":{"line":86,"column":33},"end":{"line":86,"column":41}},"60":{"start":{"line":87,"column":8},"end":{"line":90,"column":9}},"61":{"start":{"line":88,"column":12},"end":{"line":88,"column":77}},"62":{"start":{"line":89,"column":12},"end":{"line":89,"column":19}},"63":{"start":{"line":91,"column":8},"end":{"line":102,"column":9}},"64":{"start":{"line":92,"column":25},"end":{"line":92,"column":76}},"65":{"start":{"line":93,"column":12},"end":{"line":96,"column":13}},"66":{"start":{"line":94,"column":16},"end":{"line":94,"column":77}},"67":{"start":{"line":95,"column":16},"end":{"line":95,"column":23}},"68":{"start":{"line":97,"column":12},"end":{"line":97,"column":105}},"69":{"start":{"line":97,"column":81},"end":{"line":97,"column":103}},"70":{"start":{"line":98,"column":12},"end":{"line":98,"column":30}},"71":{"start":{"line":99,"column":12},"end":{"line":99,"column":71}},"72":{"start":{"line":101,"column":12},"end":{"line":101,"column":73}},"73":{"start":{"line":105,"column":4},"end":{"line":120,"column":null}},"74":{"start":{"line":105,"column":71},"end":{"line":120,"column":null}},"75":{"start":{"line":106,"column":25},"end":{"line":106,"column":33}},"76":{"start":{"line":108,"column":21},"end":{"line":108,"column":68}},"77":{"start":{"line":110,"column":8},"end":{"line":119,"column":9}},"78":{"start":{"line":111,"column":26},"end":{"line":111,"column":56}},"79":{"start":{"line":112,"column":29},"end":{"line":112,"column":65}},"80":{"start":{"line":113,"column":27},"end":{"line":113,"column":46}},"81":{"start":{"line":114,"column":12},"end":{"line":114,"column":63}},"82":{"start":{"line":115,"column":12},"end":{"line":115,"column":19}},"83":{"start":{"line":118,"column":12},"end":{"line":118,"column":63}},"84":{"start":{"line":122,"column":4},"end":{"line":135,"column":null}},"85":{"start":{"line":122,"column":73},"end":{"line":135,"column":null}},"86":{"start":{"line":123,"column":40},"end":{"line":123,"column":48}},"87":{"start":{"line":125,"column":21},"end":{"line":125,"column":112}},"88":{"start":{"line":126,"column":9},"end":{"line":126,"column":126}},"89":{"start":{"line":128,"column":8},"end":{"line":134,"column":9}},"90":{"start":{"line":129,"column":12},"end":{"line":129,"column":55}},"91":{"start":{"line":130,"column":12},"end":{"line":130,"column":19}},"92":{"start":{"line":133,"column":12},"end":{"line":133,"column":63}},"93":{"start":{"line":137,"column":4},"end":{"line":160,"column":null}},"94":{"start":{"line":137,"column":71},"end":{"line":160,"column":null}},"95":{"start":{"line":138,"column":32},"end":{"line":138,"column":40}},"96":{"start":{"line":139,"column":8},"end":{"line":142,"column":9}},"97":{"start":{"line":140,"column":12},"end":{"line":140,"column":69}},"98":{"start":{"line":141,"column":12},"end":{"line":141,"column":19}},"99":{"start":{"line":143,"column":8},"end":{"line":159,"column":9}},"100":{"start":{"line":144,"column":23},"end":{"line":144,"column":50}},"101":{"start":{"line":145,"column":12},"end":{"line":150,"column":13}},"102":{"start":{"line":146,"column":16},"end":{"line":149,"column":23}},"103":{"start":{"line":151,"column":33},"end":{"line":151,"column":73}},"104":{"start":{"line":152,"column":33},"end":{"line":152,"column":74}},"105":{"start":{"line":153,"column":12},"end":{"line":153,"column":123}},"106":{"start":{"line":154,"column":12},"end":{"line":154,"column":30}},"107":{"start":{"line":155,"column":12},"end":{"line":155,"column":null}},"108":{"start":{"line":158,"column":12},"end":{"line":158,"column":null}},"109":{"start":{"line":162,"column":0},"end":{"line":162,"column":37}}},"fnMap":{"0":{"name":"(anonymous_8)","decl":{"start":{"line":9,"column":0},"end":{"line":9,"column":6}},"loc":{"start":{"line":9,"column":0},"end":{"line":161,"column":1}}},"1":{"name":"(anonymous_9)","decl":{"start":{"line":11,"column":8},"end":{"line":11,"column":15}},"loc":{"start":{"line":11,"column":61},"end":{"line":37,"column":null}}},"2":{"name":"(anonymous_10)","decl":{"start":{"line":11,"column":61},"end":{"line":11,"column":null}},"loc":{"start":{"line":11,"column":61},"end":{"line":37,"column":1}}},"3":{"name":"(anonymous_11)","decl":{"start":{"line":39,"column":14},"end":{"line":39,"column":21}},"loc":{"start":{"line":39,"column":67},"end":{"line":63,"column":null}}},"4":{"name":"(anonymous_12)","decl":{"start":{"line":39,"column":67},"end":{"line":39,"column":null}},"loc":{"start":{"line":39,"column":67},"end":{"line":63,"column":4}}},"5":{"name":"(anonymous_13)","decl":{"start":{"line":66,"column":15},"end":{"line":66,"column":22}},"loc":{"start":{"line":66,"column":68},"end":{"line":83,"column":null}}},"6":{"name":"(anonymous_14)","decl":{"start":{"line":66,"column":68},"end":{"line":66,"column":null}},"loc":{"start":{"line":66,"column":68},"end":{"line":83,"column":1}}},"7":{"name":"(anonymous_15)","decl":{"start":{"line":85,"column":13},"end":{"line":85,"column":20}},"loc":{"start":{"line":85,"column":66},"end":{"line":103,"column":null}}},"8":{"name":"(anonymous_16)","decl":{"start":{"line":85,"column":66},"end":{"line":85,"column":null}},"loc":{"start":{"line":85,"column":66},"end":{"line":103,"column":5}}},"9":{"name":"(anonymous_17)","decl":{"start":{"line":97,"column":72},"end":{"line":97,"column":77}},"loc":{"start":{"line":97,"column":81},"end":{"line":97,"column":103}}},"10":{"name":"(anonymous_18)","decl":{"start":{"line":105,"column":18},"end":{"line":105,"column":25}},"loc":{"start":{"line":105,"column":71},"end":{"line":120,"column":null}}},"11":{"name":"(anonymous_19)","decl":{"start":{"line":105,"column":71},"end":{"line":105,"column":null}},"loc":{"start":{"line":105,"column":71},"end":{"line":120,"column":5}}},"12":{"name":"(anonymous_20)","decl":{"start":{"line":122,"column":20},"end":{"line":122,"column":27}},"loc":{"start":{"line":122,"column":73},"end":{"line":135,"column":null}}},"13":{"name":"(anonymous_21)","decl":{"start":{"line":122,"column":73},"end":{"line":122,"column":null}},"loc":{"start":{"line":122,"column":73},"end":{"line":135,"column":5}}},"14":{"name":"(anonymous_22)","decl":{"start":{"line":137,"column":18},"end":{"line":137,"column":25}},"loc":{"start":{"line":137,"column":71},"end":{"line":160,"column":null}}},"15":{"name":"(anonymous_23)","decl":{"start":{"line":137,"column":71},"end":{"line":137,"column":null}},"loc":{"start":{"line":137,"column":71},"end":{"line":160,"column":5}}}},"branchMap":{"0":{"loc":{"start":{"line":14,"column":4},"end":{"line":16,"column":5}},"type":"if","locations":[{"start":{"line":14,"column":4},"end":{"line":16,"column":5}}]},"1":{"loc":{"start":{"line":14,"column":7},"end":{"line":14,"column":26}},"type":"binary-expr","locations":[{"start":{"line":14,"column":7},"end":{"line":14,"column":13}},{"start":{"line":14,"column":17},"end":{"line":14,"column":26}}]},"2":{"loc":{"start":{"line":19,"column":6},"end":{"line":22,"column":7}},"type":"if","locations":[{"start":{"line":19,"column":6},"end":{"line":22,"column":7}}]},"3":{"loc":{"start":{"line":24,"column":6},"end":{"line":27,"column":7}},"type":"if","locations":[{"start":{"line":24,"column":6},"end":{"line":27,"column":7}}]},"4":{"loc":{"start":{"line":30,"column":27},"end":{"line":30,"column":116}},"type":"cond-expr","locations":[{"start":{"line":30,"column":48},"end":{"line":30,"column":99}},{"start":{"line":30,"column":102},"end":{"line":30,"column":116}}]},"5":{"loc":{"start":{"line":41,"column":6},"end":{"line":44,"column":7}},"type":"if","locations":[{"start":{"line":41,"column":6},"end":{"line":44,"column":7}}]},"6":{"loc":{"start":{"line":41,"column":9},"end":{"line":41,"column":28}},"type":"binary-expr","locations":[{"start":{"line":41,"column":9},"end":{"line":41,"column":15}},{"start":{"line":41,"column":19},"end":{"line":41,"column":28}}]},"7":{"loc":{"start":{"line":47,"column":9},"end":{"line":50,"column":10}},"type":"if","locations":[{"start":{"line":47,"column":9},"end":{"line":50,"column":10}}]},"8":{"loc":{"start":{"line":68,"column":4},"end":{"line":71,"column":5}},"type":"if","locations":[{"start":{"line":68,"column":4},"end":{"line":71,"column":5}}]},"9":{"loc":{"start":{"line":74,"column":8},"end":{"line":77,"column":9}},"type":"if","locations":[{"start":{"line":74,"column":8},"end":{"line":77,"column":9}}]},"10":{"loc":{"start":{"line":87,"column":8},"end":{"line":90,"column":9}},"type":"if","locations":[{"start":{"line":87,"column":8},"end":{"line":90,"column":9}}]},"11":{"loc":{"start":{"line":93,"column":12},"end":{"line":96,"column":13}},"type":"if","locations":[{"start":{"line":93,"column":12},"end":{"line":96,"column":13}}]},"12":{"loc":{"start":{"line":110,"column":8},"end":{"line":119,"column":9}},"type":"if","locations":[{"start":{"line":110,"column":8},"end":{"line":119,"column":9}},{"start":{"line":117,"column":12},"end":{"line":119,"column":9}}]},"13":{"loc":{"start":{"line":111,"column":26},"end":{"line":111,"column":56}},"type":"cond-expr","locations":[{"start":{"line":111,"column":39},"end":{"line":111,"column":49}},{"start":{"line":111,"column":52},"end":{"line":111,"column":56}}]},"14":{"loc":{"start":{"line":112,"column":29},"end":{"line":112,"column":65}},"type":"cond-expr","locations":[{"start":{"line":112,"column":45},"end":{"line":112,"column":58}},{"start":{"line":112,"column":61},"end":{"line":112,"column":65}}]},"15":{"loc":{"start":{"line":128,"column":8},"end":{"line":134,"column":9}},"type":"if","locations":[{"start":{"line":128,"column":8},"end":{"line":134,"column":9}},{"start":{"line":132,"column":12},"end":{"line":134,"column":9}}]},"16":{"loc":{"start":{"line":139,"column":8},"end":{"line":142,"column":9}},"type":"if","locations":[{"start":{"line":139,"column":8},"end":{"line":142,"column":9}}]},"17":{"loc":{"start":{"line":145,"column":12},"end":{"line":150,"column":13}},"type":"if","locations":[{"start":{"line":145,"column":12},"end":{"line":150,"column":13}}]},"18":{"loc":{"start":{"line":153,"column":33},"end":{"line":153,"column":122}},"type":"cond-expr","locations":[{"start":{"line":153,"column":54},"end":{"line":153,"column":105}},{"start":{"line":153,"column":108},"end":{"line":153,"column":122}}]}},"s":{"0":3,"1":3,"2":3,"3":3,"4":3,"5":3,"6":3,"7":5,"8":5,"9":5,"10":0,"11":5,"12":5,"13":5,"14":0,"15":0,"16":5,"17":5,"18":1,"19":1,"20":4,"21":4,"22":4,"23":4,"24":4,"25":0,"26":3,"27":5,"28":5,"29":5,"30":0,"31":0,"32":5,"33":5,"34":5,"35":1,"36":1,"37":4,"38":4,"39":4,"40":4,"41":4,"42":0,"43":3,"44":2,"45":2,"46":2,"47":0,"48":0,"49":2,"50":2,"51":2,"52":1,"53":1,"54":1,"55":1,"56":0,"57":3,"58":2,"59":2,"60":2,"61":0,"62":0,"63":2,"64":2,"65":2,"66":1,"67":1,"68":1,"69":2,"70":1,"71":1,"72":0,"73":3,"74":1,"75":1,"76":1,"77":1,"78":1,"79":1,"80":1,"81":1,"82":1,"83":0,"84":3,"85":1,"86":1,"87":1,"88":1,"89":1,"90":1,"91":1,"92":0,"93":3,"94":2,"95":2,"96":2,"97":1,"98":1,"99":1,"100":1,"101":1,"102":1,"103":1,"104":1,"105":1,"106":1,"107":1,"108":0,"109":3},"f":{"0":3,"1":5,"2":5,"3":5,"4":5,"5":2,"6":2,"7":2,"8":2,"9":2,"10":1,"11":1,"12":1,"13":1,"14":2,"15":2},"b":{"0":[0],"1":[5,5],"2":[0],"3":[1],"4":[4,0],"5":[0],"6":[5,5],"7":[1],"8":[0],"9":[1],"10":[0],"11":[1],"12":[1,0],"13":[1,0],"14":[1,0],"15":[1,0],"16":[1],"17":[1],"18":[1,0]}}
,"/Users/omersharivker/dev/assignments/assignment_1/src/controllers/commentsControllers.ts": {"path":"/Users/omersharivker/dev/assignments/assignment_1/src/controllers/commentsControllers.ts","statementMap":{"0":{"start":{"line":3,"column":0},"end":{"line":3,"column":33}},"1":{"start":{"line":4,"column":0},"end":{"line":4,"column":50}},"2":{"start":{"line":5,"column":0},"end":{"line":5,"column":52}},"3":{"start":{"line":6,"column":0},"end":{"line":6,"column":44}},"4":{"start":{"line":7,"column":0},"end":{"line":7,"column":44}},"5":{"start":{"line":11,"column":3},"end":{"line":34,"column":null}},"6":{"start":{"line":11,"column":70},"end":{"line":34,"column":null}},"7":{"start":{"line":12,"column":42},"end":{"line":12,"column":50}},"8":{"start":{"line":13,"column":6},"end":{"line":33,"column":7}},"9":{"start":{"line":14,"column":22},"end":{"line":14,"column":74}},"10":{"start":{"line":15,"column":27},"end":{"line":15,"column":40}},"11":{"start":{"line":16,"column":22},"end":{"line":16,"column":32}},"12":{"start":{"line":17,"column":28},"end":{"line":23,"column":11}},"13":{"start":{"line":24,"column":9},"end":{"line":30,"column":10}},"14":{"start":{"line":25,"column":12},"end":{"line":25,"column":117}},"15":{"start":{"line":26,"column":12},"end":{"line":26,"column":49}},"16":{"start":{"line":27,"column":12},"end":{"line":27,"column":19}},"17":{"start":{"line":29,"column":12},"end":{"line":29,"column":78}},"18":{"start":{"line":32,"column":9},"end":{"line":32,"column":72}},"19":{"start":{"line":36,"column":3},"end":{"line":48,"column":null}},"20":{"start":{"line":36,"column":70},"end":{"line":48,"column":null}},"21":{"start":{"line":37,"column":28},"end":{"line":37,"column":38}},"22":{"start":{"line":38,"column":6},"end":{"line":47,"column":7}},"23":{"start":{"line":39,"column":25},"end":{"line":39,"column":84}},"24":{"start":{"line":40,"column":9},"end":{"line":44,"column":10}},"25":{"start":{"line":41,"column":12},"end":{"line":41,"column":46}},"26":{"start":{"line":43,"column":12},"end":{"line":43,"column":78}},"27":{"start":{"line":46,"column":9},"end":{"line":46,"column":72}},"28":{"start":{"line":50,"column":3},"end":{"line":70,"column":null}},"29":{"start":{"line":50,"column":72},"end":{"line":70,"column":null}},"30":{"start":{"line":51,"column":28},"end":{"line":51,"column":38}},"31":{"start":{"line":52,"column":58},"end":{"line":52,"column":78}},"32":{"start":{"line":53,"column":6},"end":{"line":69,"column":7}},"33":{"start":{"line":54,"column":32},"end":{"line":57,"column":null}},"34":{"start":{"line":60,"column":9},"end":{"line":66,"column":10}},"35":{"start":{"line":61,"column":12},"end":{"line":61,"column":77}},"36":{"start":{"line":62,"column":12},"end":{"line":62,"column":19}},"37":{"start":{"line":64,"column":12},"end":{"line":64,"column":70}},"38":{"start":{"line":65,"column":12},"end":{"line":65,"column":19}},"39":{"start":{"line":68,"column":9},"end":{"line":68,"column":72}},"40":{"start":{"line":72,"column":3},"end":{"line":88,"column":null}},"41":{"start":{"line":72,"column":72},"end":{"line":88,"column":null}},"42":{"start":{"line":73,"column":28},"end":{"line":73,"column":38}},"43":{"start":{"line":74,"column":25},"end":{"line":74,"column":33}},"44":{"start":{"line":75,"column":6},"end":{"line":87,"column":7}},"45":{"start":{"line":76,"column":25},"end":{"line":76,"column":84}},"46":{"start":{"line":77,"column":9},"end":{"line":80,"column":10}},"47":{"start":{"line":78,"column":12},"end":{"line":78,"column":91}},"48":{"start":{"line":79,"column":12},"end":{"line":79,"column":19}},"49":{"start":{"line":81,"column":9},"end":{"line":81,"column":78}},"50":{"start":{"line":82,"column":9},"end":{"line":82,"column":87}},"51":{"start":{"line":83,"column":9},"end":{"line":83,"column":79}},"52":{"start":{"line":84,"column":9},"end":{"line":84,"column":16}},"53":{"start":{"line":86,"column":9},"end":{"line":86,"column":72}},"54":{"start":{"line":90,"column":3},"end":{"line":102,"column":null}},"55":{"start":{"line":90,"column":70},"end":{"line":102,"column":null}},"56":{"start":{"line":91,"column":25},"end":{"line":91,"column":35}},"57":{"start":{"line":92,"column":6},"end":{"line":101,"column":7}},"58":{"start":{"line":93,"column":29},"end":{"line":93,"column":65}},"59":{"start":{"line":94,"column":9},"end":{"line":98,"column":10}},"60":{"start":{"line":95,"column":12},"end":{"line":95,"column":54}},"61":{"start":{"line":97,"column":12},"end":{"line":97,"column":79}},"62":{"start":{"line":100,"column":9},"end":{"line":100,"column":72}},"63":{"start":{"line":105,"column":0},"end":{"line":105,"column":40}}},"fnMap":{"0":{"name":"(anonymous_8)","decl":{"start":{"line":9,"column":0},"end":{"line":9,"column":6}},"loc":{"start":{"line":9,"column":0},"end":{"line":103,"column":1}}},"1":{"name":"(anonymous_9)","decl":{"start":{"line":11,"column":17},"end":{"line":11,"column":24}},"loc":{"start":{"line":11,"column":70},"end":{"line":34,"column":null}}},"2":{"name":"(anonymous_10)","decl":{"start":{"line":11,"column":70},"end":{"line":11,"column":null}},"loc":{"start":{"line":11,"column":70},"end":{"line":34,"column":4}}},"3":{"name":"(anonymous_11)","decl":{"start":{"line":36,"column":17},"end":{"line":36,"column":24}},"loc":{"start":{"line":36,"column":70},"end":{"line":48,"column":null}}},"4":{"name":"(anonymous_12)","decl":{"start":{"line":36,"column":70},"end":{"line":36,"column":null}},"loc":{"start":{"line":36,"column":70},"end":{"line":48,"column":4}}},"5":{"name":"(anonymous_13)","decl":{"start":{"line":50,"column":19},"end":{"line":50,"column":26}},"loc":{"start":{"line":50,"column":72},"end":{"line":70,"column":null}}},"6":{"name":"(anonymous_14)","decl":{"start":{"line":50,"column":72},"end":{"line":50,"column":null}},"loc":{"start":{"line":50,"column":72},"end":{"line":70,"column":4}}},"7":{"name":"(anonymous_15)","decl":{"start":{"line":72,"column":19},"end":{"line":72,"column":26}},"loc":{"start":{"line":72,"column":72},"end":{"line":88,"column":null}}},"8":{"name":"(anonymous_16)","decl":{"start":{"line":72,"column":72},"end":{"line":72,"column":null}},"loc":{"start":{"line":72,"column":72},"end":{"line":88,"column":4}}},"9":{"name":"(anonymous_17)","decl":{"start":{"line":90,"column":17},"end":{"line":90,"column":24}},"loc":{"start":{"line":90,"column":70},"end":{"line":102,"column":null}}},"10":{"name":"(anonymous_18)","decl":{"start":{"line":90,"column":70},"end":{"line":90,"column":null}},"loc":{"start":{"line":90,"column":70},"end":{"line":102,"column":4}}}},"branchMap":{"0":{"loc":{"start":{"line":24,"column":9},"end":{"line":30,"column":10}},"type":"if","locations":[{"start":{"line":24,"column":9},"end":{"line":30,"column":10}},{"start":{"line":28,"column":16},"end":{"line":30,"column":10}}]},"1":{"loc":{"start":{"line":40,"column":9},"end":{"line":44,"column":10}},"type":"if","locations":[{"start":{"line":40,"column":9},"end":{"line":44,"column":10}},{"start":{"line":42,"column":16},"end":{"line":44,"column":10}}]},"2":{"loc":{"start":{"line":60,"column":9},"end":{"line":66,"column":10}},"type":"if","locations":[{"start":{"line":60,"column":9},"end":{"line":66,"column":10}},{"start":{"line":63,"column":16},"end":{"line":66,"column":10}}]},"3":{"loc":{"start":{"line":77,"column":9},"end":{"line":80,"column":10}},"type":"if","locations":[{"start":{"line":77,"column":9},"end":{"line":80,"column":10}}]},"4":{"loc":{"start":{"line":94,"column":9},"end":{"line":98,"column":10}},"type":"if","locations":[{"start":{"line":94,"column":9},"end":{"line":98,"column":10}},{"start":{"line":96,"column":16},"end":{"line":98,"column":10}}]}},"s":{"0":3,"1":3,"2":3,"3":3,"4":3,"5":3,"6":1,"7":1,"8":1,"9":1,"10":1,"11":1,"12":1,"13":1,"14":1,"15":1,"16":1,"17":0,"18":0,"19":3,"20":1,"21":1,"22":1,"23":1,"24":1,"25":1,"26":0,"27":0,"28":3,"29":1,"30":1,"31":1,"32":1,"33":1,"34":1,"35":1,"36":1,"37":0,"38":0,"39":0,"40":3,"41":1,"42":1,"43":1,"44":1,"45":1,"46":1,"47":0,"48":0,"49":1,"50":1,"51":1,"52":1,"53":0,"54":3,"55":1,"56":1,"57":1,"58":1,"59":1,"60":1,"61":0,"62":0,"63":3},"f":{"0":3,"1":1,"2":1,"3":1,"4":1,"5":1,"6":1,"7":1,"8":1,"9":1,"10":1},"b":{"0":[1,0],"1":[1,0],"2":[1,0],"3":[0],"4":[1,0]}}
,"/Users/omersharivker/dev/assignments/assignment_1/src/controllers/postController.ts": {"path":"/Users/omersharivker/dev/assignments/assignment_1/src/controllers/postController.ts","statementMap":{"0":{"start":{"line":2,"column":0},"end":{"line":2,"column":44}},"1":{"start":{"line":3,"column":0},"end":{"line":3,"column":51}},"2":{"start":{"line":4,"column":0},"end":{"line":4,"column":33}},"3":{"start":{"line":5,"column":0},"end":{"line":5,"column":52}},"4":{"start":{"line":6,"column":0},"end":{"line":6,"column":44}},"5":{"start":{"line":7,"column":31},"end":{"line":7,"column":63}},"6":{"start":{"line":8,"column":0},"end":{"line":8,"column":28}},"7":{"start":{"line":10,"column":0},"end":{"line":10,"column":16}},"8":{"start":{"line":12,"column":14},"end":{"line":12,"column":64}},"9":{"start":{"line":13,"column":14},"end":{"line":13,"column":69}},"10":{"start":{"line":16,"column":4},"end":{"line":41,"column":null}},"11":{"start":{"line":16,"column":71},"end":{"line":41,"column":null}},"12":{"start":{"line":17,"column":8},"end":{"line":40,"column":9}},"13":{"start":{"line":18,"column":25},"end":{"line":18,"column":64}},"14":{"start":{"line":19,"column":26},"end":{"line":19,"column":66}},"15":{"start":{"line":20,"column":25},"end":{"line":20,"column":43}},"16":{"start":{"line":21,"column":25},"end":{"line":21,"column":64}},"17":{"start":{"line":22,"column":38},"end":{"line":25,"column":14}},"18":{"start":{"line":27,"column":12},"end":{"line":37,"column":13}},"19":{"start":{"line":28,"column":16},"end":{"line":34,"column":19}},"20":{"start":{"line":36,"column":16},"end":{"line":36,"column":83}},"21":{"start":{"line":39,"column":12},"end":{"line":39,"column":67}},"22":{"start":{"line":43,"column":4},"end":{"line":69,"column":null}},"23":{"start":{"line":43,"column":68},"end":{"line":69,"column":null}},"24":{"start":{"line":44,"column":23},"end":{"line":44,"column":31}},"25":{"start":{"line":45,"column":8},"end":{"line":68,"column":9}},"26":{"start":{"line":46,"column":25},"end":{"line":46,"column":77}},"27":{"start":{"line":47,"column":30},"end":{"line":47,"column":43}},"28":{"start":{"line":48,"column":29},"end":{"line":48,"column":39}},"29":{"start":{"line":49,"column":28},"end":{"line":49,"column":40}},"30":{"start":{"line":51,"column":28},"end":{"line":59,"column":14}},"31":{"start":{"line":60,"column":12},"end":{"line":65,"column":13}},"32":{"start":{"line":61,"column":16},"end":{"line":61,"column":82}},"33":{"start":{"line":63,"column":16},"end":{"line":63,"column":78}},"34":{"start":{"line":67,"column":12},"end":{"line":67,"column":67}},"35":{"start":{"line":71,"column":4},"end":{"line":82,"column":null}},"36":{"start":{"line":71,"column":76},"end":{"line":82,"column":null}},"37":{"start":{"line":72,"column":8},"end":{"line":81,"column":9}},"38":{"start":{"line":73,"column":32},"end":{"line":73,"column":84}},"39":{"start":{"line":74,"column":12},"end":{"line":78,"column":13}},"40":{"start":{"line":75,"column":16},"end":{"line":75,"column":58}},"41":{"start":{"line":77,"column":16},"end":{"line":77,"column":96}},"42":{"start":{"line":80,"column":12},"end":{"line":80,"column":67}},"43":{"start":{"line":84,"column":4},"end":{"line":96,"column":null}},"44":{"start":{"line":84,"column":71},"end":{"line":96,"column":null}},"45":{"start":{"line":85,"column":23},"end":{"line":85,"column":33}},"46":{"start":{"line":86,"column":8},"end":{"line":95,"column":9}},"47":{"start":{"line":87,"column":25},"end":{"line":87,"column":73}},"48":{"start":{"line":88,"column":12},"end":{"line":92,"column":13}},"49":{"start":{"line":89,"column":16},"end":{"line":89,"column":80}},"50":{"start":{"line":91,"column":16},"end":{"line":91,"column":78}},"51":{"start":{"line":94,"column":12},"end":{"line":94,"column":77}},"52":{"start":{"line":98,"column":4},"end":{"line":118,"column":null}},"53":{"start":{"line":98,"column":70},"end":{"line":118,"column":null}},"54":{"start":{"line":99,"column":23},"end":{"line":99,"column":33}},"55":{"start":{"line":100,"column":43},"end":{"line":100,"column":51}},"56":{"start":{"line":101,"column":8},"end":{"line":117,"column":9}},"57":{"start":{"line":102,"column":25},"end":{"line":102,"column":73}},"58":{"start":{"line":103,"column":12},"end":{"line":106,"column":13}},"59":{"start":{"line":104,"column":16},"end":{"line":104,"column":92}},"60":{"start":{"line":105,"column":16},"end":{"line":105,"column":23}},"61":{"start":{"line":107,"column":28},"end":{"line":107,"column":40}},"62":{"start":{"line":108,"column":31},"end":{"line":108,"column":134}},"63":{"start":{"line":109,"column":12},"end":{"line":114,"column":13}},"64":{"start":{"line":110,"column":16},"end":{"line":110,"column":88}},"65":{"start":{"line":111,"column":16},"end":{"line":111,"column":23}},"66":{"start":{"line":113,"column":16},"end":{"line":113,"column":80}},"67":{"start":{"line":116,"column":12},"end":{"line":116,"column":80}},"68":{"start":{"line":120,"column":4},"end":{"line":145,"column":null}},"69":{"start":{"line":120,"column":68},"end":{"line":145,"column":null}},"70":{"start":{"line":121,"column":23},"end":{"line":121,"column":33}},"71":{"start":{"line":122,"column":27},"end":{"line":122,"column":35}},"72":{"start":{"line":124,"column":8},"end":{"line":144,"column":9}},"73":{"start":{"line":125,"column":25},"end":{"line":125,"column":73}},"74":{"start":{"line":127,"column":12},"end":{"line":133,"column":13}},"75":{"start":{"line":128,"column":16},"end":{"line":128,"column":85}},"76":{"start":{"line":128,"column":57},"end":{"line":128,"column":83}},"77":{"start":{"line":129,"column":16},"end":{"line":129,"column":50}},"78":{"start":{"line":130,"column":16},"end":{"line":130,"column":34}},"79":{"start":{"line":131,"column":16},"end":{"line":131,"column":75}},"80":{"start":{"line":132,"column":15},"end":{"line":132,"column":22}},"81":{"start":{"line":134,"column":12},"end":{"line":134,"column":36}},"82":{"start":{"line":135,"column":12},"end":{"line":135,"column":47}},"83":{"start":{"line":136,"column":12},"end":{"line":136,"column":30}},"84":{"start":{"line":137,"column":12},"end":{"line":141,"column":13}},"85":{"start":{"line":138,"column":16},"end":{"line":138,"column":73}},"86":{"start":{"line":140,"column":16},"end":{"line":140,"column":72}},"87":{"start":{"line":143,"column":12},"end":{"line":143,"column":76}},"88":{"start":{"line":146,"column":4},"end":{"line":167,"column":null}},"89":{"start":{"line":146,"column":70},"end":{"line":167,"column":null}},"90":{"start":{"line":147,"column":23},"end":{"line":147,"column":33}},"91":{"start":{"line":148,"column":27},"end":{"line":148,"column":35}},"92":{"start":{"line":149,"column":8},"end":{"line":166,"column":9}},"93":{"start":{"line":150,"column":25},"end":{"line":150,"column":73}},"94":{"start":{"line":151,"column":12},"end":{"line":154,"column":13}},"95":{"start":{"line":152,"column":16},"end":{"line":152,"column":92}},"96":{"start":{"line":153,"column":16},"end":{"line":153,"column":23}},"97":{"start":{"line":155,"column":31},"end":{"line":155,"column":88}},"98":{"start":{"line":156,"column":12},"end":{"line":162,"column":13}},"99":{"start":{"line":157,"column":16},"end":{"line":157,"column":83}},"100":{"start":{"line":158,"column":16},"end":{"line":158,"column":70}},"101":{"start":{"line":159,"column":16},"end":{"line":159,"column":23}},"102":{"start":{"line":161,"column":16},"end":{"line":161,"column":74}},"103":{"start":{"line":165,"column":12},"end":{"line":165,"column":78}},"104":{"start":{"line":170,"column":0},"end":{"line":181,"column":null}},"105":{"start":{"line":170,"column":65},"end":{"line":181,"column":null}},"106":{"start":{"line":171,"column":4},"end":{"line":180,"column":5}},"107":{"start":{"line":172,"column":8},"end":{"line":175,"column":9}},"108":{"start":{"line":173,"column":12},"end":{"line":173,"column":68}},"109":{"start":{"line":174,"column":12},"end":{"line":174,"column":19}},"110":{"start":{"line":176,"column":24},"end":{"line":176,"column":59}},"111":{"start":{"line":177,"column":8},"end":{"line":177,"column":51}},"112":{"start":{"line":179,"column":8},"end":{"line":179,"column":70}},"113":{"start":{"line":184,"column":0},"end":{"line":198,"column":null}},"114":{"start":{"line":184,"column":68},"end":{"line":198,"column":null}},"115":{"start":{"line":185,"column":22},"end":{"line":185,"column":30}},"116":{"start":{"line":187,"column":4},"end":{"line":197,"column":5}},"117":{"start":{"line":188,"column":8},"end":{"line":190,"column":9}},"118":{"start":{"line":189,"column":12},"end":{"line":189,"column":49}},"119":{"start":{"line":191,"column":23},"end":{"line":191,"column":94}},"120":{"start":{"line":192,"column":23},"end":{"line":192,"column":58}},"121":{"start":{"line":193,"column":26},"end":{"line":193,"column":48}},"122":{"start":{"line":194,"column":8},"end":{"line":194,"column":57}},"123":{"start":{"line":196,"column":8},"end":{"line":196,"column":77}},"124":{"start":{"line":202,"column":0},"end":{"line":202,"column":36}}},"fnMap":{"0":{"name":"(anonymous_8)","decl":{"start":{"line":15,"column":0},"end":{"line":15,"column":6}},"loc":{"start":{"line":15,"column":0},"end":{"line":200,"column":1}}},"1":{"name":"(anonymous_9)","decl":{"start":{"line":16,"column":18},"end":{"line":16,"column":25}},"loc":{"start":{"line":16,"column":71},"end":{"line":41,"column":null}}},"2":{"name":"(anonymous_10)","decl":{"start":{"line":16,"column":71},"end":{"line":16,"column":null}},"loc":{"start":{"line":16,"column":71},"end":{"line":41,"column":5}}},"3":{"name":"(anonymous_11)","decl":{"start":{"line":43,"column":15},"end":{"line":43,"column":22}},"loc":{"start":{"line":43,"column":68},"end":{"line":69,"column":null}}},"4":{"name":"(anonymous_12)","decl":{"start":{"line":43,"column":68},"end":{"line":43,"column":null}},"loc":{"start":{"line":43,"column":68},"end":{"line":69,"column":5}}},"5":{"name":"(anonymous_13)","decl":{"start":{"line":71,"column":23},"end":{"line":71,"column":30}},"loc":{"start":{"line":71,"column":76},"end":{"line":82,"column":null}}},"6":{"name":"(anonymous_14)","decl":{"start":{"line":71,"column":76},"end":{"line":71,"column":null}},"loc":{"start":{"line":71,"column":76},"end":{"line":82,"column":5}}},"7":{"name":"(anonymous_15)","decl":{"start":{"line":84,"column":18},"end":{"line":84,"column":25}},"loc":{"start":{"line":84,"column":71},"end":{"line":96,"column":null}}},"8":{"name":"(anonymous_16)","decl":{"start":{"line":84,"column":71},"end":{"line":84,"column":null}},"loc":{"start":{"line":84,"column":71},"end":{"line":96,"column":5}}},"9":{"name":"(anonymous_17)","decl":{"start":{"line":98,"column":17},"end":{"line":98,"column":24}},"loc":{"start":{"line":98,"column":70},"end":{"line":118,"column":null}}},"10":{"name":"(anonymous_18)","decl":{"start":{"line":98,"column":70},"end":{"line":98,"column":null}},"loc":{"start":{"line":98,"column":70},"end":{"line":118,"column":5}}},"11":{"name":"(anonymous_19)","decl":{"start":{"line":120,"column":15},"end":{"line":120,"column":22}},"loc":{"start":{"line":120,"column":68},"end":{"line":145,"column":null}}},"12":{"name":"(anonymous_20)","decl":{"start":{"line":120,"column":68},"end":{"line":120,"column":null}},"loc":{"start":{"line":120,"column":68},"end":{"line":145,"column":5}}},"13":{"name":"(anonymous_21)","decl":{"start":{"line":128,"column":47},"end":{"line":128,"column":48}},"loc":{"start":{"line":128,"column":57},"end":{"line":128,"column":83}}},"14":{"name":"(anonymous_22)","decl":{"start":{"line":146,"column":17},"end":{"line":146,"column":24}},"loc":{"start":{"line":146,"column":70},"end":{"line":167,"column":null}}},"15":{"name":"(anonymous_23)","decl":{"start":{"line":146,"column":70},"end":{"line":146,"column":null}},"loc":{"start":{"line":146,"column":70},"end":{"line":167,"column":5}}},"16":{"name":"(anonymous_24)","decl":{"start":{"line":170,"column":12},"end":{"line":170,"column":19}},"loc":{"start":{"line":170,"column":65},"end":{"line":181,"column":null}}},"17":{"name":"(anonymous_25)","decl":{"start":{"line":170,"column":65},"end":{"line":170,"column":null}},"loc":{"start":{"line":170,"column":65},"end":{"line":181,"column":1}}},"18":{"name":"(anonymous_26)","decl":{"start":{"line":184,"column":15},"end":{"line":184,"column":22}},"loc":{"start":{"line":184,"column":68},"end":{"line":198,"column":null}}},"19":{"name":"(anonymous_27)","decl":{"start":{"line":184,"column":68},"end":{"line":184,"column":null}},"loc":{"start":{"line":184,"column":68},"end":{"line":198,"column":1}}}},"branchMap":{"0":{"loc":{"start":{"line":18,"column":25},"end":{"line":18,"column":64}},"type":"binary-expr","locations":[{"start":{"line":18,"column":25},"end":{"line":18,"column":59}},{"start":{"line":18,"column":63},"end":{"line":18,"column":64}}]},"1":{"loc":{"start":{"line":19,"column":26},"end":{"line":19,"column":66}},"type":"binary-expr","locations":[{"start":{"line":19,"column":26},"end":{"line":19,"column":61}},{"start":{"line":19,"column":65},"end":{"line":19,"column":66}}]},"2":{"loc":{"start":{"line":21,"column":25},"end":{"line":21,"column":64}},"type":"binary-expr","locations":[{"start":{"line":21,"column":25},"end":{"line":21,"column":49}},{"start":{"line":21,"column":53},"end":{"line":21,"column":64}}]},"3":{"loc":{"start":{"line":27,"column":12},"end":{"line":37,"column":13}},"type":"if","locations":[{"start":{"line":27,"column":12},"end":{"line":37,"column":13}},{"start":{"line":35,"column":19},"end":{"line":37,"column":13}}]},"4":{"loc":{"start":{"line":60,"column":12},"end":{"line":65,"column":13}},"type":"if","locations":[{"start":{"line":60,"column":12},"end":{"line":65,"column":13}},{"start":{"line":62,"column":19},"end":{"line":65,"column":13}}]},"5":{"loc":{"start":{"line":74,"column":12},"end":{"line":78,"column":13}},"type":"if","locations":[{"start":{"line":74,"column":12},"end":{"line":78,"column":13}},{"start":{"line":76,"column":19},"end":{"line":78,"column":13}}]},"6":{"loc":{"start":{"line":88,"column":12},"end":{"line":92,"column":13}},"type":"if","locations":[{"start":{"line":88,"column":12},"end":{"line":92,"column":13}},{"start":{"line":90,"column":19},"end":{"line":92,"column":13}}]},"7":{"loc":{"start":{"line":103,"column":12},"end":{"line":106,"column":13}},"type":"if","locations":[{"start":{"line":103,"column":12},"end":{"line":106,"column":13}}]},"8":{"loc":{"start":{"line":109,"column":12},"end":{"line":114,"column":13}},"type":"if","locations":[{"start":{"line":109,"column":12},"end":{"line":114,"column":13}},{"start":{"line":112,"column":19},"end":{"line":114,"column":13}}]},"9":{"loc":{"start":{"line":127,"column":12},"end":{"line":133,"column":13}},"type":"if","locations":[{"start":{"line":127,"column":12},"end":{"line":133,"column":13}}]},"10":{"loc":{"start":{"line":137,"column":12},"end":{"line":141,"column":13}},"type":"if","locations":[{"start":{"line":137,"column":12},"end":{"line":141,"column":13}},{"start":{"line":139,"column":19},"end":{"line":141,"column":13}}]},"11":{"loc":{"start":{"line":151,"column":12},"end":{"line":154,"column":13}},"type":"if","locations":[{"start":{"line":151,"column":12},"end":{"line":154,"column":13}}]},"12":{"loc":{"start":{"line":156,"column":12},"end":{"line":162,"column":13}},"type":"if","locations":[{"start":{"line":156,"column":12},"end":{"line":162,"column":13}},{"start":{"line":160,"column":19},"end":{"line":162,"column":13}}]},"13":{"loc":{"start":{"line":172,"column":8},"end":{"line":175,"column":9}},"type":"if","locations":[{"start":{"line":172,"column":8},"end":{"line":175,"column":9}}]},"14":{"loc":{"start":{"line":188,"column":8},"end":{"line":190,"column":9}},"type":"if","locations":[{"start":{"line":188,"column":8},"end":{"line":190,"column":9}}]}},"s":{"0":3,"1":3,"2":3,"3":3,"4":3,"5":3,"6":3,"7":3,"8":3,"9":3,"10":3,"11":2,"12":2,"13":2,"14":2,"15":2,"16":2,"17":2,"18":2,"19":2,"20":0,"21":0,"22":3,"23":3,"24":3,"25":3,"26":3,"27":3,"28":3,"29":3,"30":3,"31":2,"32":2,"33":0,"34":1,"35":3,"36":1,"37":1,"38":1,"39":1,"40":1,"41":0,"42":0,"43":3,"44":2,"45":2,"46":2,"47":2,"48":2,"49":1,"50":1,"51":0,"52":3,"53":2,"54":2,"55":2,"56":2,"57":2,"58":2,"59":0,"60":0,"61":1,"62":1,"63":1,"64":1,"65":1,"66":0,"67":1,"68":3,"69":3,"70":3,"71":3,"72":3,"73":3,"74":3,"75":1,"76":1,"77":1,"78":1,"79":1,"80":1,"81":1,"82":1,"83":1,"84":1,"85":1,"86":0,"87":1,"88":3,"89":2,"90":2,"91":2,"92":2,"93":2,"94":2,"95":0,"96":0,"97":1,"98":1,"99":1,"100":1,"101":1,"102":0,"103":1,"104":3,"105":0,"106":0,"107":0,"108":0,"109":0,"110":0,"111":0,"112":0,"113":3,"114":1,"115":1,"116":1,"117":1,"118":1,"119":0,"120":0,"121":0,"122":0,"123":1,"124":3},"f":{"0":3,"1":2,"2":2,"3":3,"4":3,"5":1,"6":1,"7":2,"8":2,"9":2,"10":2,"11":3,"12":3,"13":1,"14":2,"15":2,"16":0,"17":0,"18":1,"19":1},"b":{"0":[2,2],"1":[2,2],"2":[2,2],"3":[2,0],"4":[2,0],"5":[1,0],"6":[1,1],"7":[0],"8":[1,0],"9":[1],"10":[1,0],"11":[0],"12":[1,0],"13":[0],"14":[1]}}
,"/Users/omersharivker/dev/assignments/assignment_1/src/middleware/authMiddleware.ts": {"path":"/Users/omersharivker/dev/assignments/assignment_1/src/middleware/authMiddleware.ts","statementMap":{"0":{"start":{"line":2,"column":0},"end":{"line":2,"column":31}},"1":{"start":{"line":5,"column":23},"end":{"line":23,"column":1}},"2":{"start":{"line":6,"column":18},"end":{"line":6,"column":58}},"3":{"start":{"line":7,"column":4},"end":{"line":10,"column":5}},"4":{"start":{"line":8,"column":8},"end":{"line":8,"column":63}},"5":{"start":{"line":9,"column":8},"end":{"line":9,"column":15}},"6":{"start":{"line":12,"column":4},"end":{"line":22,"column":5}},"7":{"start":{"line":13,"column":26},"end":{"line":13,"column":71}},"8":{"start":{"line":14,"column":24},"end":{"line":14,"column":70}},"9":{"start":{"line":16,"column":8},"end":{"line":16,"column":37}},"10":{"start":{"line":18,"column":8},"end":{"line":18,"column":22}},"11":{"start":{"line":21,"column":8},"end":{"line":21,"column":59}},"12":{"start":{"line":25,"column":0},"end":{"line":25,"column":30}}},"fnMap":{"0":{"name":"(anonymous_1)","decl":{"start":{"line":5,"column":23},"end":{"line":5,"column":24}},"loc":{"start":{"line":5,"column":75},"end":{"line":23,"column":1}}}},"branchMap":{"0":{"loc":{"start":{"line":6,"column":18},"end":{"line":6,"column":58}},"type":"cond-expr","locations":[{"start":{"line":6,"column":43},"end":{"line":6,"column":45}},{"start":{"line":6,"column":43},"end":{"line":6,"column":58}}]},"1":{"loc":{"start":{"line":6,"column":18},"end":{"line":6,"column":45}},"type":"binary-expr","locations":[{"start":{"line":6,"column":18},"end":{"line":6,"column":45}},{"start":{"line":6,"column":43},"end":{"line":6,"column":45}}]},"2":{"loc":{"start":{"line":7,"column":4},"end":{"line":10,"column":5}},"type":"if","locations":[{"start":{"line":7,"column":4},"end":{"line":10,"column":5}}]},"3":{"loc":{"start":{"line":13,"column":26},"end":{"line":13,"column":71}},"type":"binary-expr","locations":[{"start":{"line":13,"column":26},"end":{"line":13,"column":52}},{"start":{"line":13,"column":56},"end":{"line":13,"column":71}}]}},"s":{"0":3,"1":3,"2":18,"3":18,"4":2,"5":2,"6":16,"7":16,"8":16,"9":16,"10":16,"11":0,"12":3},"f":{"0":18},"b":{"0":[2,16],"1":[18,18],"2":[2],"3":[16,0]}}
,"/Users/omersharivker/dev/assignments/assignment_1/src/middleware/multerMiddleware.ts": {"path":"/Users/omersharivker/dev/assignments/assignment_1/src/middleware/multerMiddleware.ts","statementMap":{"0":{"start":{"line":2,"column":0},"end":{"line":2,"column":28}},"1":{"start":{"line":4,"column":16},"end":{"line":10,"column":2}},"2":{"start":{"line":8,"column":8},"end":{"line":8,"column":36}},"3":{"start":{"line":12,"column":15},"end":{"line":12,"column":43}},"4":{"start":{"line":14,"column":0},"end":{"line":14,"column":38}}},"fnMap":{"0":{"name":"(anonymous_1)","decl":{"start":{"line":6,"column":14},"end":{"line":6,"column":15}},"loc":{"start":{"line":6,"column":32},"end":{"line":9,"column":5}}}},"branchMap":{},"s":{"0":3,"1":3,"2":0,"3":3,"4":3},"f":{"0":0},"b":{}}
,"/Users/omersharivker/dev/assignments/assignment_1/src/models/commentsModel.ts": {"path":"/Users/omersharivker/dev/assignments/assignment_1/src/models/commentsModel.ts","statementMap":{"0":{"start":{"line":1,"column":0},"end":{"line":1,"column":37}},"1":{"start":{"line":3,"column":21},"end":{"line":25,"column":2}},"2":{"start":{"line":27,"column":0},"end":{"line":27,"column":47}}},"fnMap":{},"branchMap":{},"s":{"0":3,"1":3,"2":3},"f":{},"b":{}}
,"/Users/omersharivker/dev/assignments/assignment_1/src/models/postModel.ts": {"path":"/Users/omersharivker/dev/assignments/assignment_1/src/models/postModel.ts","statementMap":{"0":{"start":{"line":1,"column":0},"end":{"line":1,"column":37}},"1":{"start":{"line":3,"column":18},"end":{"line":44,"column":2}},"2":{"start":{"line":47,"column":0},"end":{"line":47,"column":42}}},"fnMap":{},"branchMap":{},"s":{"0":3,"1":3,"2":3},"f":{},"b":{}}
,"/Users/omersharivker/dev/assignments/assignment_1/src/models/userModel.ts": {"path":"/Users/omersharivker/dev/assignments/assignment_1/src/models/userModel.ts","statementMap":{"0":{"start":{"line":1,"column":0},"end":{"line":1,"column":61}},"1":{"start":{"line":4,"column":18},"end":{"line":25,"column":2}},"2":{"start":{"line":27,"column":0},"end":{"line":27,"column":41}}},"fnMap":{},"branchMap":{},"s":{"0":3,"1":3,"2":3},"f":{},"b":{}}
,"/Users/omersharivker/dev/assignments/assignment_1/src/routes/authRoutes.ts": {"path":"/Users/omersharivker/dev/assignments/assignment_1/src/routes/authRoutes.ts","statementMap":{"0":{"start":{"line":1,"column":0},"end":{"line":1,"column":42}},"1":{"start":{"line":2,"column":0},"end":{"line":2,"column":61}},"2":{"start":{"line":3,"column":0},"end":{"line":3,"column":58}},"3":{"start":{"line":5,"column":23},"end":{"line":5,"column":39}},"4":{"start":{"line":27,"column":0},"end":{"line":27,"column":50}},"5":{"start":{"line":49,"column":0},"end":{"line":49,"column":56}},"6":{"start":{"line":76,"column":0},"end":{"line":76,"column":62}},"7":{"start":{"line":99,"column":0},"end":{"line":99,"column":63}},"8":{"start":{"line":124,"column":0},"end":{"line":124,"column":52}},"9":{"start":{"line":144,"column":0},"end":{"line":144,"column":70}},"10":{"start":{"line":177,"column":0},"end":{"line":177,"column":80}},"11":{"start":{"line":179,"column":0},"end":{"line":179,"column":22}}},"fnMap":{},"branchMap":{},"s":{"0":3,"1":3,"2":3,"3":3,"4":3,"5":3,"6":3,"7":3,"8":3,"9":3,"10":3,"11":3},"f":{},"b":{}}
,"/Users/omersharivker/dev/assignments/assignment_1/src/routes/commentRoutes.ts": {"path":"/Users/omersharivker/dev/assignments/assignment_1/src/routes/commentRoutes.ts","statementMap":{"0":{"start":{"line":1,"column":0},"end":{"line":1,"column":42}},"1":{"start":{"line":2,"column":0},"end":{"line":2,"column":68}},"2":{"start":{"line":3,"column":0},"end":{"line":3,"column":58}},"3":{"start":{"line":5,"column":23},"end":{"line":5,"column":39}},"4":{"start":{"line":29,"column":0},"end":{"line":29,"column":72}},"5":{"start":{"line":52,"column":0},"end":{"line":52,"column":66}},"6":{"start":{"line":83,"column":0},"end":{"line":83,"column":84}},"7":{"start":{"line":117,"column":0},"end":{"line":117,"column":87}},"8":{"start":{"line":140,"column":0},"end":{"line":140,"column":80}},"9":{"start":{"line":142,"column":0},"end":{"line":142,"column":22}}},"fnMap":{},"branchMap":{},"s":{"0":3,"1":3,"2":3,"3":3,"4":3,"5":3,"6":3,"7":3,"8":3,"9":3},"f":{},"b":{}}
,"/Users/omersharivker/dev/assignments/assignment_1/src/routes/postRoutes.ts": {"path":"/Users/omersharivker/dev/assignments/assignment_1/src/routes/postRoutes.ts","statementMap":{"0":{"start":{"line":1,"column":0},"end":{"line":1,"column":42}},"1":{"start":{"line":2,"column":0},"end":{"line":2,"column":59}},"2":{"start":{"line":3,"column":0},"end":{"line":3,"column":58}},"3":{"start":{"line":4,"column":0},"end":{"line":4,"column":62}},"4":{"start":{"line":6,"column":23},"end":{"line":6,"column":39}},"5":{"start":{"line":24,"column":0},"end":{"line":24,"column":49}},"6":{"start":{"line":44,"column":0},"end":{"line":44,"column":77}},"7":{"start":{"line":68,"column":0},"end":{"line":68,"column":63}},"8":{"start":{"line":93,"column":0},"end":{"line":93,"column":71}},"9":{"start":{"line":116,"column":0},"end":{"line":116,"column":53}},"10":{"start":{"line":147,"column":0},"end":{"line":147,"column":68}},"11":{"start":{"line":172,"column":0},"end":{"line":172,"column":71}},"12":{"start":{"line":200,"column":0},"end":{"line":200,"column":89}},"13":{"start":{"line":223,"column":0},"end":{"line":223,"column":54}},"14":{"start":{"line":225,"column":0},"end":{"line":225,"column":22}}},"fnMap":{},"branchMap":{},"s":{"0":3,"1":3,"2":3,"3":3,"4":3,"5":3,"6":3,"7":3,"8":3,"9":3,"10":3,"11":3,"12":3,"13":3,"14":3},"f":{},"b":{}}
,"/Users/omersharivker/dev/assignments/assignment_1/src/utils/db.ts": {"path":"/Users/omersharivker/dev/assignments/assignment_1/src/utils/db.ts","statementMap":{"0":{"start":{"line":1,"column":0},"end":{"line":1,"column":32}},"1":{"start":{"line":3,"column":25},"end":{"line":9,"column":2}},"2":{"start":{"line":3,"column":51},"end":{"line":9,"column":2}},"3":{"start":{"line":4,"column":4},"end":{"line":8,"column":5}},"4":{"start":{"line":5,"column":8},"end":{"line":5,"column":61}},"5":{"start":{"line":7,"column":8},"end":{"line":7,"column":70}},"6":{"start":{"line":3,"column":13},"end":{"line":3,"column":25}}},"fnMap":{"0":{"name":"(anonymous_8)","decl":{"start":{"line":3,"column":25},"end":{"line":3,"column":49}},"loc":{"start":{"line":3,"column":51},"end":{"line":9,"column":2}}},"1":{"name":"(anonymous_9)","decl":{"start":{"line":3,"column":51},"end":{"line":3,"column":null}},"loc":{"start":{"line":3,"column":51},"end":{"line":9,"column":1}}}},"branchMap":{},"s":{"0":3,"1":3,"2":3,"3":3,"4":3,"5":0,"6":3},"f":{"0":3,"1":3},"b":{}}
,"/Users/omersharivker/dev/assignments/assignment_1/src/utils/response.ts": {"path":"/Users/omersharivker/dev/assignments/assignment_1/src/utils/response.ts","statementMap":{"0":{"start":{"line":3,"column":30},"end":{"line":5,"column":1}},"1":{"start":{"line":4,"column":4},"end":{"line":4,"column":39}},"2":{"start":{"line":3,"column":13},"end":{"line":3,"column":30}}},"fnMap":{"0":{"name":"(anonymous_0)","decl":{"start":{"line":3,"column":30},"end":{"line":3,"column":31}},"loc":{"start":{"line":3,"column":73},"end":{"line":5,"column":1}}}},"branchMap":{},"s":{"0":3,"1":39,"2":3},"f":{"0":39},"b":{}}
,"/Users/omersharivker/dev/assignments/assignment_1/src/utils/token.ts": {"path":"/Users/omersharivker/dev/assignments/assignment_1/src/utils/token.ts","statementMap":{"0":{"start":{"line":1,"column":0},"end":{"line":1,"column":31}},"1":{"start":{"line":3,"column":27},"end":{"line":8,"column":2}},"2":{"start":{"line":3,"column":83},"end":{"line":8,"column":2}},"3":{"start":{"line":4,"column":18},"end":{"line":6,"column":6}},"4":{"start":{"line":7,"column":4},"end":{"line":7,"column":17}},"5":{"start":{"line":3,"column":13},"end":{"line":3,"column":27}}},"fnMap":{"0":{"name":"(anonymous_8)","decl":{"start":{"line":3,"column":27},"end":{"line":3,"column":34}},"loc":{"start":{"line":3,"column":83},"end":{"line":8,"column":2}}},"1":{"name":"(anonymous_9)","decl":{"start":{"line":3,"column":83},"end":{"line":3,"column":null}},"loc":{"start":{"line":3,"column":83},"end":{"line":8,"column":1}}}},"branchMap":{},"s":{"0":3,"1":3,"2":11,"3":11,"4":11,"5":3},"f":{"0":11,"1":11},"b":{}}
}
