TN:
SF:src\app.ts
FN:16,(anonymous_1)
FNF:1
FNH:0
FNDA:0,(anonymous_1)
DA:1,3
DA:2,3
DA:3,3
DA:4,3
DA:5,3
DA:6,3
DA:7,3
DA:8,3
DA:9,3
DA:11,3
DA:13,3
DA:14,3
DA:16,3
DA:17,0
DA:19,3
DA:21,3
DA:22,3
DA:23,3
DA:24,3
DA:26,3
LF:20
LH:19
BRF:0
BRH:0
end_of_record
TN:
SF:src\swaggerConfig.ts
FNF:0
FNH:0
DA:1,3
DA:3,3
DA:29,3
DA:31,3
LF:4
LH:4
BRF:0
BRH:0
end_of_record
TN:
SF:src\controllers\authControllers.ts
FN:8,(anonymous_8)
FN:10,(anonymous_9)
FN:10,(anonymous_10)
FN:37,(anonymous_11)
FN:37,(anonymous_12)
FN:64,(anonymous_13)
FN:64,(anonymous_14)
FN:83,(anonymous_15)
FN:83,(anonymous_16)
FN:95,(anonymous_17)
FNF:10
FNH:10
FNDA:3,(anonymous_8)
FNDA:6,(anonymous_9)
FNDA:6,(anonymous_10)
FNDA:2,(anonymous_11)
FNDA:2,(anonymous_12)
FNDA:2,(anonymous_13)
FNDA:2,(anonymous_14)
FNDA:2,(anonymous_15)
FNDA:2,(anonymous_16)
FNDA:97,(anonymous_17)
DA:3,3
DA:4,3
DA:5,3
DA:6,3
DA:10,6
DA:11,6
DA:12,6
DA:13,0
DA:15,6
DA:16,6
DA:17,6
DA:18,0
DA:19,0
DA:21,6
DA:22,6
DA:23,1
DA:24,1
DA:26,5
DA:27,5
DA:28,5
DA:29,5
DA:30,5
DA:33,0
DA:37,3
DA:38,2
DA:39,2
DA:40,0
DA:41,0
DA:43,2
DA:44,2
DA:46,2
DA:47,1
DA:48,1
DA:50,1
DA:51,1
DA:52,1
DA:56,1
DA:57,1
DA:59,0
DA:64,3
DA:65,2
DA:66,2
DA:67,0
DA:68,0
DA:70,2
DA:71,2
DA:72,2
DA:73,1
DA:74,1
DA:76,1
DA:77,1
DA:79,0
DA:83,3
DA:84,2
DA:85,2
DA:86,0
DA:87,0
DA:89,2
DA:90,2
DA:91,2
DA:92,1
DA:93,1
DA:95,97
DA:96,1
DA:97,1
DA:99,0
DA:105,3
LF:67
LH:54
BRDA:12,0,0,0
BRDA:12,1,0,6
BRDA:12,1,1,6
BRDA:17,2,0,0
BRDA:22,3,0,1
BRDA:28,4,0,5
BRDA:28,4,1,0
BRDA:39,5,0,0
BRDA:39,6,0,2
BRDA:39,6,1,2
BRDA:46,7,0,1
BRDA:66,8,0,0
BRDA:72,9,0,1
BRDA:85,10,0,0
BRDA:91,11,0,1
BRF:15
BRH:9
end_of_record
TN:
SF:src\controllers\commentsControllers.ts
FN:7,(anonymous_8)
FN:8,(anonymous_9)
FN:8,(anonymous_10)
FN:26,(anonymous_11)
FN:26,(anonymous_12)
FN:40,(anonymous_13)
FN:40,(anonymous_14)
FN:63,(anonymous_15)
FN:63,(anonymous_16)
FN:78,(anonymous_17)
FN:78,(anonymous_18)
FNF:11
FNH:11
FNDA:3,(anonymous_8)
FNDA:1,(anonymous_9)
FNDA:1,(anonymous_10)
FNDA:1,(anonymous_11)
FNDA:1,(anonymous_12)
FNDA:1,(anonymous_13)
FNDA:1,(anonymous_14)
FNDA:1,(anonymous_15)
FNDA:1,(anonymous_16)
FNDA:1,(anonymous_17)
FNDA:1,(anonymous_18)
DA:3,3
DA:4,3
DA:5,3
DA:8,3
DA:9,1
DA:10,1
DA:11,1
DA:16,1
DA:17,1
DA:19,0
DA:22,0
DA:26,3
DA:27,1
DA:28,1
DA:29,1
DA:30,1
DA:31,1
DA:33,0
DA:36,0
DA:40,3
DA:41,1
DA:42,1
DA:43,1
DA:44,1
DA:45,1
DA:46,0
DA:48,1
DA:53,1
DA:54,1
DA:56,0
DA:59,0
DA:63,3
DA:64,1
DA:65,1
DA:66,1
DA:67,1
DA:68,1
DA:69,0
DA:71,1
DA:72,1
DA:74,0
DA:78,3
DA:79,1
DA:80,1
DA:81,1
DA:82,1
DA:83,1
DA:85,0
DA:88,0
DA:93,3
LF:50
LH:39
BRDA:16,0,0,1
BRDA:16,0,1,0
BRDA:30,1,0,1
BRDA:30,1,1,0
BRDA:45,2,0,0
BRDA:53,3,0,1
BRDA:53,3,1,0
BRDA:68,4,0,0
BRDA:82,5,0,1
BRDA:82,5,1,0
BRF:10
BRH:4
end_of_record
TN:
SF:src\controllers\postController.ts
FN:6,(anonymous_8)
FN:7,(anonymous_9)
FN:7,(anonymous_10)
FN:20,(anonymous_11)
FN:20,(anonymous_12)
FN:35,(anonymous_13)
FN:35,(anonymous_14)
FN:48,(anonymous_15)
FN:48,(anonymous_16)
FN:62,(anonymous_17)
FN:62,(anonymous_18)
FNF:11
FNH:11
FNDA:3,(anonymous_8)
FNDA:1,(anonymous_9)
FNDA:1,(anonymous_10)
FNDA:3,(anonymous_11)
FNDA:3,(anonymous_12)
FNDA:1,(anonymous_13)
FNDA:1,(anonymous_14)
FNDA:2,(anonymous_15)
FNDA:2,(anonymous_16)
FNDA:2,(anonymous_17)
FNDA:2,(anonymous_18)
DA:2,3
DA:3,3
DA:4,3
DA:7,3
DA:8,1
DA:9,1
DA:10,1
DA:11,1
DA:13,0
DA:16,0
DA:20,3
DA:21,3
DA:22,3
DA:23,3
DA:24,2
DA:25,2
DA:27,0
DA:28,0
DA:31,1
DA:35,3
DA:36,1
DA:37,1
DA:38,1
DA:39,1
DA:41,0
DA:44,0
DA:48,3
DA:49,2
DA:50,2
DA:51,2
DA:52,1
DA:53,1
DA:55,0
DA:58,1
DA:62,3
DA:63,2
DA:64,2
DA:65,2
DA:66,2
DA:67,2
DA:68,0
DA:70,1
DA:71,1
DA:72,1
DA:74,0
DA:77,1
DA:82,3
LF:47
LH:38
BRDA:10,0,0,1
BRDA:10,0,1,0
BRDA:24,1,0,2
BRDA:24,1,1,0
BRDA:38,2,0,1
BRDA:38,2,1,0
BRDA:52,3,0,1
BRDA:52,3,1,0
BRDA:67,4,0,0
BRDA:71,5,0,1
BRDA:71,5,1,0
BRF:11
BRH:5
end_of_record
TN:
SF:src\middleware\authMiddleware.ts
FN:5,(anonymous_1)
FNF:1
FNH:1
FNDA:10,(anonymous_1)
DA:2,3
DA:5,3
DA:6,10
DA:8,10
DA:9,1
DA:10,1
DA:13,9
DA:14,9
DA:15,9
DA:17,9
DA:19,9
DA:22,0
DA:26,3
LF:13
LH:12
BRDA:6,0,0,1
BRDA:6,0,1,9
BRDA:6,1,0,10
BRDA:6,1,1,10
BRDA:8,2,0,1
BRDA:14,3,0,9
BRDA:14,3,1,0
BRF:7
BRH:6
end_of_record
TN:
SF:src\models\commentsModel.ts
FNF:0
FNH:0
DA:1,3
DA:3,3
DA:19,3
LF:3
LH:3
BRF:0
BRH:0
end_of_record
TN:
SF:src\models\postModel.ts
FNF:0
FNH:0
DA:1,3
DA:3,3
DA:15,3
LF:3
LH:3
BRF:0
BRH:0
end_of_record
TN:
SF:src\models\userModel.ts
FNF:0
FNH:0
DA:1,3
DA:5,3
DA:11,3
DA:13,3
LF:4
LH:4
BRF:0
BRH:0
end_of_record
TN:
SF:src\routes\authRoutes.ts
FNF:0
FNH:0
DA:83,3
DA:84,3
DA:86,3
DA:88,3
DA:89,3
DA:90,3
DA:91,3
DA:93,3
LF:8
LH:8
BRF:0
BRH:0
end_of_record
TN:
SF:src\routes\commentRoutes.ts
FNF:0
FNH:0
DA:1,3
DA:2,3
DA:3,3
DA:4,3
DA:6,3
DA:7,3
DA:8,3
DA:9,3
DA:10,3
DA:173,3
LF:10
LH:10
BRF:0
BRH:0
end_of_record
TN:
SF:src\routes\postRoutes.ts
FNF:0
FNH:0
DA:125,3
DA:126,3
DA:127,3
DA:129,3
DA:131,3
DA:133,3
DA:135,3
DA:137,3
DA:139,3
DA:141,3
LF:10
LH:10
BRF:0
BRH:0
end_of_record
TN:
SF:src\utils\db.ts
FN:3,(anonymous_8)
FN:3,(anonymous_9)
FNF:2
FNH:2
FNDA:3,(anonymous_8)
FNDA:3,(anonymous_9)
DA:1,3
DA:3,3
DA:4,3
DA:5,3
DA:7,0
LF:5
LH:4
BRF:0
BRH:0
end_of_record
TN:
SF:src\utils\response.ts
FN:3,(anonymous_0)
FNF:1
FNH:1
FNDA:26,(anonymous_0)
DA:3,3
DA:4,26
LF:2
LH:2
BRF:0
BRH:0
end_of_record
TN:
SF:src\utils\token.ts
FN:3,(anonymous_8)
FN:3,(anonymous_9)
FNF:2
FNH:2
FNDA:11,(anonymous_8)
FNDA:11,(anonymous_9)
DA:1,3
DA:3,11
DA:4,11
DA:7,11
LF:4
LH:4
BRF:0
BRH:0
end_of_record
