TN:
SF:src/app.ts
FN:25,(anonymous_1)
FNF:1
FNH:0
FNDA:0,(anonymous_1)
DA:1,3
DA:2,3
DA:3,3
DA:4,3
DA:5,3
DA:6,3
DA:7,3
DA:8,3
DA:9,3
DA:10,3
DA:12,3
DA:13,3
DA:15,3
DA:16,3
DA:18,3
DA:19,3
DA:22,3
DA:23,3
DA:25,3
DA:26,0
DA:29,3
DA:31,3
DA:32,3
DA:33,3
DA:34,3
DA:36,3
LF:26
LH:25
BRF:0
BRH:0
end_of_record
TN:
SF:src/swaggerConfig.ts
FNF:0
FNH:0
DA:1,3
DA:3,3
DA:126,3
DA:128,3
LF:4
LH:4
BRF:0
BRH:0
end_of_record
TN:
SF:src/controllers/authControllers.ts
FN:9,(anonymous_8)
FN:11,(anonymous_9)
FN:11,(anonymous_10)
FN:39,(anonymous_11)
FN:39,(anonymous_12)
FN:66,(anonymous_13)
FN:66,(anonymous_14)
FN:85,(anonymous_15)
FN:85,(anonymous_16)
FN:97,(anonymous_17)
FN:105,(anonymous_18)
FN:105,(anonymous_19)
FN:122,(anonymous_20)
FN:122,(anonymous_21)
FN:137,(anonymous_22)
FN:137,(anonymous_23)
FNF:16
FNH:16
FNDA:3,(anonymous_8)
FNDA:5,(anonymous_9)
FNDA:5,(anonymous_10)
FNDA:5,(anonymous_11)
FNDA:5,(anonymous_12)
FNDA:2,(anonymous_13)
FNDA:2,(anonymous_14)
FNDA:2,(anonymous_15)
FNDA:2,(anonymous_16)
FNDA:2,(anonymous_17)
FNDA:1,(anonymous_18)
FNDA:1,(anonymous_19)
FNDA:1,(anonymous_20)
FNDA:1,(anonymous_21)
FNDA:2,(anonymous_22)
FNDA:2,(anonymous_23)
DA:2,3
DA:3,3
DA:4,3
DA:5,3
DA:6,3
DA:7,3
DA:11,5
DA:12,5
DA:14,5
DA:15,0
DA:17,5
DA:18,5
DA:19,5
DA:20,0
DA:21,0
DA:23,5
DA:24,5
DA:25,1
DA:26,1
DA:28,4
DA:29,4
DA:30,4
DA:31,4
DA:32,4
DA:35,0
DA:39,5
DA:40,5
DA:41,5
DA:42,0
DA:43,0
DA:45,5
DA:46,5
DA:47,5
DA:48,1
DA:49,1
DA:51,4
DA:52,4
DA:53,4
DA:58,4
DA:59,4
DA:61,0
DA:66,3
DA:67,2
DA:68,2
DA:69,0
DA:70,0
DA:72,2
DA:73,2
DA:74,2
DA:75,1
DA:76,1
DA:78,1
DA:79,1
DA:81,0
DA:85,3
DA:86,2
DA:87,2
DA:88,0
DA:89,0
DA:91,2
DA:92,2
DA:93,2
DA:94,1
DA:95,1
DA:97,2
DA:98,1
DA:99,1
DA:101,0
DA:105,3
DA:106,1
DA:108,1
DA:110,1
DA:111,1
DA:112,1
DA:113,1
DA:114,1
DA:115,1
DA:118,0
DA:122,3
DA:123,1
DA:125,1
DA:126,1
DA:128,1
DA:129,1
DA:130,1
DA:133,0
DA:137,3
DA:138,2
DA:139,2
DA:140,1
DA:141,1
DA:143,1
DA:144,1
DA:145,1
DA:146,1
DA:151,1
DA:152,1
DA:153,1
DA:154,1
DA:155,1
DA:158,0
DA:162,3
LF:102
LH:86
BRDA:14,0,0,0
BRDA:14,1,0,5
BRDA:14,1,1,5
BRDA:19,2,0,0
BRDA:24,3,0,1
BRDA:30,4,0,4
BRDA:30,4,1,0
BRDA:41,5,0,0
BRDA:41,6,0,5
BRDA:41,6,1,5
BRDA:47,7,0,1
BRDA:68,8,0,0
BRDA:74,9,0,1
BRDA:87,10,0,0
BRDA:93,11,0,1
BRDA:110,12,0,1
BRDA:110,12,1,0
BRDA:111,13,0,1
BRDA:111,13,1,0
BRDA:112,14,0,1
BRDA:112,14,1,0
BRDA:128,15,0,1
BRDA:128,15,1,0
BRDA:139,16,0,1
BRDA:145,17,0,1
BRDA:153,18,0,1
BRDA:153,18,1,0
BRF:27
BRH:16
end_of_record
TN:
SF:src/controllers/commentsControllers.ts
FN:9,(anonymous_8)
FN:11,(anonymous_9)
FN:11,(anonymous_10)
FN:36,(anonymous_11)
FN:36,(anonymous_12)
FN:50,(anonymous_13)
FN:50,(anonymous_14)
FN:72,(anonymous_15)
FN:72,(anonymous_16)
FN:90,(anonymous_17)
FN:90,(anonymous_18)
FNF:11
FNH:11
FNDA:3,(anonymous_8)
FNDA:1,(anonymous_9)
FNDA:1,(anonymous_10)
FNDA:1,(anonymous_11)
FNDA:1,(anonymous_12)
FNDA:1,(anonymous_13)
FNDA:1,(anonymous_14)
FNDA:1,(anonymous_15)
FNDA:1,(anonymous_16)
FNDA:1,(anonymous_17)
FNDA:1,(anonymous_18)
DA:3,3
DA:4,3
DA:5,3
DA:6,3
DA:7,3
DA:11,3
DA:12,1
DA:13,1
DA:14,1
DA:15,1
DA:16,1
DA:17,1
DA:24,1
DA:25,1
DA:26,1
DA:27,1
DA:29,0
DA:32,0
DA:36,3
DA:37,1
DA:38,1
DA:39,1
DA:40,1
DA:41,1
DA:43,0
DA:46,0
DA:50,3
DA:51,1
DA:52,1
DA:53,1
DA:54,1
DA:60,1
DA:61,1
DA:62,1
DA:64,0
DA:65,0
DA:68,0
DA:72,3
DA:73,1
DA:74,1
DA:75,1
DA:76,1
DA:77,1
DA:78,0
DA:79,0
DA:81,1
DA:82,1
DA:83,1
DA:84,1
DA:86,0
DA:90,3
DA:91,1
DA:92,1
DA:93,1
DA:94,1
DA:95,1
DA:97,0
DA:100,0
DA:105,3
LF:59
LH:47
BRDA:24,0,0,1
BRDA:24,0,1,0
BRDA:40,1,0,1
BRDA:40,1,1,0
BRDA:60,2,0,1
BRDA:60,2,1,0
BRDA:77,3,0,0
BRDA:94,4,0,1
BRDA:94,4,1,0
BRF:9
BRH:4
end_of_record
TN:
SF:src/controllers/postController.ts
FN:15,(anonymous_8)
FN:16,(anonymous_9)
FN:16,(anonymous_10)
FN:43,(anonymous_11)
FN:43,(anonymous_12)
FN:71,(anonymous_13)
FN:71,(anonymous_14)
FN:84,(anonymous_15)
FN:84,(anonymous_16)
FN:98,(anonymous_17)
FN:98,(anonymous_18)
FN:120,(anonymous_19)
FN:120,(anonymous_20)
FN:128,(anonymous_21)
FN:146,(anonymous_22)
FN:146,(anonymous_23)
FN:170,(anonymous_24)
FN:170,(anonymous_25)
FN:184,(anonymous_26)
FN:184,(anonymous_27)
FNF:20
FNH:18
FNDA:3,(anonymous_8)
FNDA:2,(anonymous_9)
FNDA:2,(anonymous_10)
FNDA:3,(anonymous_11)
FNDA:3,(anonymous_12)
FNDA:1,(anonymous_13)
FNDA:1,(anonymous_14)
FNDA:2,(anonymous_15)
FNDA:2,(anonymous_16)
FNDA:2,(anonymous_17)
FNDA:2,(anonymous_18)
FNDA:3,(anonymous_19)
FNDA:3,(anonymous_20)
FNDA:1,(anonymous_21)
FNDA:2,(anonymous_22)
FNDA:2,(anonymous_23)
FNDA:0,(anonymous_24)
FNDA:0,(anonymous_25)
FNDA:1,(anonymous_26)
FNDA:1,(anonymous_27)
DA:2,3
DA:3,3
DA:4,3
DA:5,3
DA:6,3
DA:7,3
DA:8,3
DA:10,3
DA:12,3
DA:13,3
DA:16,3
DA:17,2
DA:18,2
DA:19,2
DA:20,2
DA:21,2
DA:22,2
DA:27,2
DA:28,2
DA:36,0
DA:39,0
DA:43,3
DA:44,3
DA:45,3
DA:46,3
DA:47,3
DA:48,3
DA:49,3
DA:51,3
DA:60,2
DA:61,2
DA:63,0
DA:67,1
DA:71,3
DA:72,1
DA:73,1
DA:74,1
DA:75,1
DA:77,0
DA:80,0
DA:84,3
DA:85,2
DA:86,2
DA:87,2
DA:88,2
DA:89,1
DA:91,1
DA:94,0
DA:98,3
DA:99,2
DA:100,2
DA:101,2
DA:102,2
DA:103,2
DA:104,0
DA:105,0
DA:107,1
DA:108,1
DA:109,1
DA:110,1
DA:111,1
DA:113,0
DA:116,1
DA:120,3
DA:121,3
DA:122,3
DA:124,3
DA:125,3
DA:127,3
DA:128,1
DA:129,1
DA:130,1
DA:131,1
DA:132,1
DA:134,1
DA:135,1
DA:136,1
DA:137,1
DA:138,1
DA:140,0
DA:143,1
DA:146,3
DA:147,2
DA:148,2
DA:149,2
DA:150,2
DA:151,2
DA:152,0
DA:153,0
DA:155,1
DA:156,1
DA:157,1
DA:158,1
DA:159,1
DA:161,0
DA:165,1
DA:170,3
DA:171,0
DA:172,0
DA:173,0
DA:174,0
DA:176,0
DA:177,0
DA:179,0
DA:184,3
DA:185,1
DA:187,1
DA:188,1
DA:189,1
DA:191,0
DA:192,0
DA:193,0
DA:194,0
DA:196,1
DA:202,3
LF:115
LH:91
BRDA:18,0,0,2
BRDA:18,0,1,2
BRDA:19,1,0,2
BRDA:19,1,1,2
BRDA:21,2,0,2
BRDA:21,2,1,2
BRDA:27,3,0,2
BRDA:27,3,1,0
BRDA:60,4,0,2
BRDA:60,4,1,0
BRDA:74,5,0,1
BRDA:74,5,1,0
BRDA:88,6,0,1
BRDA:88,6,1,1
BRDA:103,7,0,0
BRDA:109,8,0,1
BRDA:109,8,1,0
BRDA:127,9,0,1
BRDA:137,10,0,1
BRDA:137,10,1,0
BRDA:151,11,0,0
BRDA:156,12,0,1
BRDA:156,12,1,0
BRDA:172,13,0,0
BRDA:188,14,0,1
BRF:25
BRH:16
end_of_record
TN:
SF:src/middleware/authMiddleware.ts
FN:5,(anonymous_1)
FNF:1
FNH:1
FNDA:18,(anonymous_1)
DA:2,3
DA:5,3
DA:6,18
DA:7,18
DA:8,2
DA:9,2
DA:12,16
DA:13,16
DA:14,16
DA:16,16
DA:18,16
DA:21,0
DA:25,3
LF:13
LH:12
BRDA:6,0,0,2
BRDA:6,0,1,16
BRDA:6,1,0,18
BRDA:6,1,1,18
BRDA:7,2,0,2
BRDA:13,3,0,16
BRDA:13,3,1,0
BRF:7
BRH:6
end_of_record
TN:
SF:src/middleware/multerMiddleware.ts
FN:6,(anonymous_1)
FNF:1
FNH:0
FNDA:0,(anonymous_1)
DA:2,3
DA:4,3
DA:8,0
DA:12,3
DA:14,3
LF:5
LH:4
BRF:0
BRH:0
end_of_record
TN:
SF:src/models/commentsModel.ts
FNF:0
FNH:0
DA:1,3
DA:3,3
DA:27,3
LF:3
LH:3
BRF:0
BRH:0
end_of_record
TN:
SF:src/models/postModel.ts
FNF:0
FNH:0
DA:1,3
DA:3,3
DA:47,3
LF:3
LH:3
BRF:0
BRH:0
end_of_record
TN:
SF:src/models/userModel.ts
FNF:0
FNH:0
DA:1,3
DA:4,3
DA:27,3
LF:3
LH:3
BRF:0
BRH:0
end_of_record
TN:
SF:src/routes/authRoutes.ts
FNF:0
FNH:0
DA:1,3
DA:2,3
DA:3,3
DA:5,3
DA:27,3
DA:49,3
DA:76,3
DA:99,3
DA:124,3
DA:144,3
DA:177,3
DA:179,3
LF:12
LH:12
BRF:0
BRH:0
end_of_record
TN:
SF:src/routes/commentRoutes.ts
FNF:0
FNH:0
DA:1,3
DA:2,3
DA:3,3
DA:5,3
DA:29,3
DA:52,3
DA:83,3
DA:117,3
DA:140,3
DA:142,3
LF:10
LH:10
BRF:0
BRH:0
end_of_record
TN:
SF:src/routes/postRoutes.ts
FNF:0
FNH:0
DA:1,3
DA:2,3
DA:3,3
DA:4,3
DA:6,3
DA:24,3
DA:44,3
DA:68,3
DA:93,3
DA:116,3
DA:147,3
DA:172,3
DA:200,3
DA:223,3
DA:225,3
LF:15
LH:15
BRF:0
BRH:0
end_of_record
TN:
SF:src/utils/db.ts
FN:3,(anonymous_8)
FN:3,(anonymous_9)
FNF:2
FNH:2
FNDA:3,(anonymous_8)
FNDA:3,(anonymous_9)
DA:1,3
DA:3,3
DA:4,3
DA:5,3
DA:7,0
LF:5
LH:4
BRF:0
BRH:0
end_of_record
TN:
SF:src/utils/response.ts
FN:3,(anonymous_0)
FNF:1
FNH:1
FNDA:39,(anonymous_0)
DA:3,3
DA:4,39
LF:2
LH:2
BRF:0
BRH:0
end_of_record
TN:
SF:src/utils/token.ts
FN:3,(anonymous_8)
FN:3,(anonymous_9)
FNF:2
FNH:2
FNDA:11,(anonymous_8)
FNDA:11,(anonymous_9)
DA:1,3
DA:3,11
DA:4,11
DA:7,11
LF:4
LH:4
BRF:0
BRH:0
end_of_record
